# JRE version: Java(TM) SE Runtime Environment (7.0_79-b15) (build 1.7.0_79-b15)
# Java VM: Java HotSpot(TM) 64-Bit Server VM (24.79-b02 mixed mode linux-amd64 compressed oops)
Heap
 def new generation   total 21056K, used 0K [0x00000000eb400000, 0x00000000ecad0000, 0x00000000f0750000)
  eden space 18752K,   0% used [0x00000000eb400000, 0x00000000eb400000, 0x00000000ec650000)
  from space 2304K,   0% used [0x00000000ec890000, 0x00000000ec890000, 0x00000000ecad0000)
  to   space 2304K,   0% used [0x00000000ec650000, 0x00000000ec650000, 0x00000000ec890000)
 tenured generation   total 47244K, used 38387K [0x00000000f0750000, 0x00000000f3573000, 0x00000000fae00000)
   the space 47244K,  81% used [0x00000000f0750000, 0x00000000f2cccdd0, 0x00000000f2ccce00, 0x00000000f3573000)
 compacting perm gen  total 21248K, used 14829K [0x00000000fae00000, 0x00000000fc2c0000, 0x0000000100000000)
   the space 21248K,  69% used [0x00000000fae00000, 0x00000000fbc7b6d0, 0x00000000fbc7b800, 0x00000000fc2c0000)
GC Heap History (10 events):
Event: 5.926 GC heap after
Heap after GC invocations=33 (full 3):
 def new generation   total 21056K, used 2303K [0x00000000eb400000, 0x00000000ecad0000, 0x00000000f0750000)
  eden space 18752K,   0% used [0x00000000eb400000, 0x00000000eb400000, 0x00000000ec650000)
  from space 2304K,  99% used [0x00000000ec650000, 0x00000000ec88fff8, 0x00000000ec890000)
  to   space 2304K,   0% used [0x00000000ec890000, 0x00000000ec890000, 0x00000000ecad0000)
 tenured generation   total 46668K, used 40903K [0x00000000f0750000, 0x00000000f34e3000, 0x00000000fae00000)
   the space 46668K,  87% used [0x00000000f0750000, 0x00000000f2f41d38, 0x00000000f2f41e00, 0x00000000f34e3000)
 compacting perm gen  total 21248K, used 14830K [0x00000000fae00000, 0x00000000fc2c0000, 0x0000000100000000)
   the space 21248K,  69% used [0x00000000fae00000, 0x00000000fbc7b838, 0x00000000fbc7ba00, 0x00000000fc2c0000)
No shared spaces configured.
}
Event: 6.006 GC heap before
{Heap before GC invocations=33 (full 3):
 def new generation   total 21056K, used 21055K [0x00000000eb400000, 0x00000000ecad0000, 0x00000000f0750000)
  eden space 18752K, 100% used [0x00000000eb400000, 0x00000000ec650000, 0x00000000ec650000)
  from space 2304K,  99% used [0x00000000ec650000, 0x00000000ec88fff8, 0x00000000ec890000)
  to   space 2304K,   0% used [0x00000000ec890000, 0x00000000ec890000, 0x00000000ecad0000)
 tenured generation   total 46668K, used 40903K [0x00000000f0750000, 0x00000000f34e3000, 0x00000000fae00000)
   the space 46668K,  87% used [0x00000000f0750000, 0x00000000f2f41d38, 0x00000000f2f41e00, 0x00000000f34e3000)
 compacting perm gen  total 21248K, used 14830K [0x00000000fae00000, 0x00000000fc2c0000, 0x0000000100000000)
   the space 21248K,  69% used [0x00000000fae00000, 0x00000000fbc7b838, 0x00000000fbc7ba00, 0x00000000fc2c0000)
No shared spaces configured.
Event: 6.015 GC heap after
Heap after GC invocations=34 (full 3):
 def new generation   total 21056K, used 2303K [0x00000000eb400000, 0x00000000ecad0000, 0x00000000f0750000)
  eden space 18752K,   0% used [0x00000000eb400000, 0x00000000eb400000, 0x00000000ec650000)
  from space 2304K,  99% used [0x00000000ec890000, 0x00000000ecacfff8, 0x00000000ecad0000)
  to   space 2304K,   0% used [0x00000000ec650000, 0x00000000ec650000, 0x00000000ec890000)
 tenured generation   total 46668K, used 42475K [0x00000000f0750000, 0x00000000f34e3000, 0x00000000fae00000)
   the space 46668K,  91% used [0x00000000f0750000, 0x00000000f30cadd0, 0x00000000f30cae00, 0x00000000f34e3000)
 compacting perm gen  total 21248K, used 14830K [0x00000000fae00000, 0x00000000fc2c0000, 0x0000000100000000)
   the space 21248K,  69% used [0x00000000fae00000, 0x00000000fbc7b838, 0x00000000fbc7ba00, 0x00000000fc2c0000)
No shared spaces configured.
}
Event: 6.095 GC heap before
{Heap before GC invocations=34 (full 3):
 def new generation   total 21056K, used 21055K [0x00000000eb400000, 0x00000000ecad0000, 0x00000000f0750000)
  eden space 18752K, 100% used [0x00000000eb400000, 0x00000000ec650000, 0x00000000ec650000)
  from space 2304K,  99% used [0x00000000ec890000, 0x00000000ecacfff8, 0x00000000ecad0000)
  to   space 2304K,   0% used [0x00000000ec650000, 0x00000000ec650000, 0x00000000ec890000)
 tenured generation   total 46668K, used 42475K [0x00000000f0750000, 0x00000000f34e3000, 0x00000000fae00000)
   the space 46668K,  91% used [0x00000000f0750000, 0x00000000f30cadd0, 0x00000000f30cae00, 0x00000000f34e3000)
 compacting perm gen  total 21248K, used 14830K [0x00000000fae00000, 0x00000000fc2c0000, 0x0000000100000000)
   the space 21248K,  69% used [0x00000000fae00000, 0x00000000fbc7bbb8, 0x00000000fbc7bc00, 0x00000000fc2c0000)
No shared spaces configured.
Event: 6.098 GC heap after
Heap after GC invocations=35 (full 3):
 def new generation   total 21056K, used 2304K [0x00000000eb400000, 0x00000000ecad0000, 0x00000000f0750000)
  eden space 18752K,   0% used [0x00000000eb400000, 0x00000000eb400000, 0x00000000ec650000)
  from space 2304K, 100% used [0x00000000ec650000, 0x00000000ec890000, 0x00000000ec890000)
  to   space 2304K,   0% used [0x00000000ec890000, 0x00000000ec890000, 0x00000000ecad0000)
 tenured generation   total 46668K, used 44203K [0x00000000f0750000, 0x00000000f34e3000, 0x00000000fae00000)
   the space 46668K,  94% used [0x00000000f0750000, 0x00000000f327ad88, 0x00000000f327ae00, 0x00000000f34e3000)
 compacting perm gen  total 21248K, used 14830K [0x00000000fae00000, 0x00000000fc2c0000, 0x0000000100000000)
   the space 21248K,  69% used [0x00000000fae00000, 0x00000000fbc7bbb8, 0x00000000fbc7bc00, 0x00000000fc2c0000)
No shared spaces configured.
}
Event: 6.227 GC heap before
{Heap before GC invocations=35 (full 3):
 def new generation   total 21056K, used 21056K [0x00000000eb400000, 0x00000000ecad0000, 0x00000000f0750000)
  eden space 18752K, 100% used [0x00000000eb400000, 0x00000000ec650000, 0x00000000ec650000)
  from space 2304K, 100% used [0x00000000ec650000, 0x00000000ec890000, 0x00000000ec890000)
  to   space 2304K,   0% used [0x00000000ec890000, 0x00000000ec890000, 0x00000000ecad0000)
 tenured generation   total 46668K, used 44203K [0x00000000f0750000, 0x00000000f34e3000, 0x00000000fae00000)
   the space 46668K,  94% used [0x00000000f0750000, 0x00000000f327ad88, 0x00000000f327ae00, 0x00000000f34e3000)
 compacting perm gen  total 21248K, used 14832K [0x00000000fae00000, 0x00000000fc2c0000, 0x0000000100000000)
   the space 21248K,  69% used [0x00000000fae00000, 0x00000000fbc7c3d0, 0x00000000fbc7c400, 0x00000000fc2c0000)
No shared spaces configured.
Event: 6.230 GC heap after
Heap after GC invocations=36 (full 3):
 def new generation   total 21056K, used 2303K [0x00000000eb400000, 0x00000000ecad0000, 0x00000000f0750000)
  eden space 18752K,   0% used [0x00000000eb400000, 0x00000000eb400000, 0x00000000ec650000)
  from space 2304K,  99% used [0x00000000ec890000, 0x00000000ecacfff8, 0x00000000ecad0000)
  to   space 2304K,   0% used [0x00000000ec650000, 0x00000000ec650000, 0x00000000ec890000)
 tenured generation   total 46668K, used 45330K [0x00000000f0750000, 0x00000000f34e3000, 0x00000000fae00000)
   the space 46668K,  97% used [0x00000000f0750000, 0x00000000f33948a8, 0x00000000f3394a00, 0x00000000f34e3000)
 compacting perm gen  total 21248K, used 14832K [0x00000000fae00000, 0x00000000fc2c0000, 0x0000000100000000)
   the space 21248K,  69% used [0x00000000fae00000, 0x00000000fbc7c3d0, 0x00000000fbc7c400, 0x00000000fc2c0000)
No shared spaces configured.
}
Event: 6.376 GC heap before
{Heap before GC invocations=36 (full 3):
 def new generation   total 21056K, used 21055K [0x00000000eb400000, 0x00000000ecad0000, 0x00000000f0750000)
  eden space 18752K, 100% used [0x00000000eb400000, 0x00000000ec650000, 0x00000000ec650000)
  from space 2304K,  99% used [0x00000000ec890000, 0x00000000ecacfff8, 0x00000000ecad0000)
  to   space 2304K,   0% used [0x00000000ec650000, 0x00000000ec650000, 0x00000000ec890000)
 tenured generation   total 46668K, used 45330K [0x00000000f0750000, 0x00000000f34e3000, 0x00000000fae00000)
   the space 46668K,  97% used [0x00000000f0750000, 0x00000000f33948a8, 0x00000000f3394a00, 0x00000000f34e3000)
 compacting perm gen  total 21248K, used 14833K [0x00000000fae00000, 0x00000000fc2c0000, 0x0000000100000000)
   the space 21248K,  69% used [0x00000000fae00000, 0x00000000fbc7c510, 0x00000000fbc7c600, 0x00000000fc2c0000)
No shared spaces configured.
Event: 6.379 GC heap after
Heap after GC invocations=37 (full 3):
 def new generation   total 21056K, used 2304K [0x00000000eb400000, 0x00000000ecad0000, 0x00000000f0750000)
  eden space 18752K,   0% used [0x00000000eb400000, 0x00000000eb400000, 0x00000000ec650000)
  from space 2304K, 100% used [0x00000000ec650000, 0x00000000ec890000, 0x00000000ec890000)
  to   space 2304K,   0% used [0x00000000ec890000, 0x00000000ec890000, 0x00000000ecad0000)
 tenured generation   total 46668K, used 46266K [0x00000000f0750000, 0x00000000f34e3000, 0x00000000fae00000)
   the space 46668K,  99% used [0x00000000f0750000, 0x00000000f347ebb8, 0x00000000f347ec00, 0x00000000f34e3000)
 compacting perm gen  total 21248K, used 14833K [0x00000000fae00000, 0x00000000fc2c0000, 0x0000000100000000)
   the space 21248K,  69% used [0x00000000fae00000, 0x00000000fbc7c510, 0x00000000fbc7c600, 0x00000000fc2c0000)
No shared spaces configured.
}
Event: 6.598 GC heap before
{Heap before GC invocations=37 (full 3):
 def new generation   total 21056K, used 21056K [0x00000000eb400000, 0x00000000ecad0000, 0x00000000f0750000)
  eden space 18752K, 100% used [0x00000000eb400000, 0x00000000ec650000, 0x00000000ec650000)
  from space 2304K, 100% used [0x00000000ec650000, 0x00000000ec890000, 0x00000000ec890000)
  to   space 2304K,   0% used [0x00000000ec890000, 0x00000000ec890000, 0x00000000ecad0000)
 tenured generation   total 46668K, used 46266K [0x00000000f0750000, 0x00000000f34e3000, 0x00000000fae00000)
   the space 46668K,  99% used [0x00000000f0750000, 0x00000000f347ebb8, 0x00000000f347ec00, 0x00000000f34e3000)
 compacting perm gen  total 21248K, used 14834K [0x00000000fae00000, 0x00000000fc2c0000, 0x0000000100000000)
   the space 21248K,  69% used [0x00000000fae00000, 0x00000000fbc7c9c8, 0x00000000fbc7ca00, 0x00000000fc2c0000)
No shared spaces configured.

